<?xml version="1.0" encoding="UTF-8"?>
<!-- Generated by org.testng.reporters.JUnitXMLReporter -->
<testsuite ignored="0" hostname="DESKTOP-CUO3FKB" failures="0" tests="9" name="Default test" time="0.108" errors="0" timestamp="2024-07-31T16:22:08 IST">
  <testcase classname="test.SampleDemo3" name="LoginApiCarLoan" time="0.011"/>
  <testcase classname="test.SampleDemo3" name="MobileloginCarLoan" time="0.001"/>
  <testcase classname="test.SampleDemo3" name="WebloginCarLoan" time="0.003"/>
  <testcase classname="test.SampleDemo4" name="LoginApiHomeLoan" time="0.002"/>
  <testcase classname="test.SampleDemo4" name="MobileloginHomeLoan" time="0.002"/>
  <testcase classname="test.SampleDemo4" name="WebloginHomeLoan" time="0.001"/>
  <testcase classname="test.SampleDemo2" name="Demo" time="0.003"/>
  <testcase classname="test.SampleDemo" name="Demo" time="0.002"/>
  <testcase classname="test.SampleDemo" name="SecondTest" time="0.002"/>
</testsuite> <!-- Default test -->
