<?xml version="1.0" encoding="UTF-8"?>
<!-- Generated by org.testng.reporters.JUnitXMLReporter -->
<testsuite ignored="1" hostname="DESKTOP-CUO3FKB" failures="0" tests="2" name="Car loan" time="0.161" errors="0" timestamp="2024-07-31T16:37:01 IST">
  <testcase classname="test.SampleDemo3" name="MobileloginCarLoan" time="0.014"/>
  <testcase classname="test.SampleDemo3" name="WebloginCarLoan" time="0.009"/>
  <testcase classname="test.SampleDemo3" name="LoginApiCarLoan" time="0.0">
    <ignored/>
  </testcase> <!-- LoginApiCarLoan -->
</testsuite> <!-- Car loan -->
